<?xml version="1.0" encoding="UTF-8"?>
<!-- Generated by org.testng.reporters.JUnitXMLReporter -->
<testsuite hostname="Ramnath-PC" ignored="1" name="Default test" tests="1" failures="0" timestamp="04 Aug 2020 19:21:30 GMT" time="35.128" errors="0">
  <testcase name="verifyAddNewSavingsAccount" time="7.372" classname="com.qa.banking.tests.NewSavingsAccountPageTest"/>
  <testcase name="verifyIsNewAccountsPageHeaderDisplayesTest" time="0.0" classname="com.qa.banking.tests.NewSavingsAccountPageTest">
    <ignored/>
  </testcase> <!-- verifyIsNewAccountsPageHeaderDisplayesTest -->
</testsuite> <!-- Default test -->
