<?xml version="1.0" encoding="UTF-8"?>
<!-- Generated by org.testng.reporters.JUnitXMLReporter -->
<testsuite hostname="Ramnath-PC" ignored="0" name="Command line test" tests="16" failures="0" timestamp="05 Aug 2020 16:40:28 GMT" time="457.106" errors="0">
  <testcase name="verifyBankLogoIsDisplayedTest" time="0.519" classname="com.qa.banking.tests.HomePageTest"/>
  <testcase name="verifyChartsDisplayed" time="0.993" classname="com.qa.banking.tests.HomePageTest"/>
  <testcase name="verifyNewSavingsAccountsPageTest" time="9.299" classname="com.qa.banking.tests.HomePageTest"/>
  <testcase name="verifyViewSavingsAccountsPageTest" time="7.079" classname="com.qa.banking.tests.HomePageTest"/>
  <testcase name="verifyWelcomeUserHeadingTest" time="0.694" classname="com.qa.banking.tests.HomePageTest"/>
  <testcase name="verifyBankLogoTest" time="0.07" classname="com.qa.banking.tests.LoginPageTest"/>
  <testcase name="verifyLoginPageTitleTest" time="0.044" classname="com.qa.banking.tests.LoginPageTest"/>
  <testcase name="verifySignInTest" time="14.643" classname="com.qa.banking.tests.LoginPageTest"/>
  <testcase name="verifySignUpTest" time="8.124" classname="com.qa.banking.tests.LoginPageTest"/>
  <testcase name="verifyAddNewSavingsAccount" time="7.524" classname="com.qa.banking.tests.NewSavingsAccountPageTest"/>
  <testcase name="verifyAddNewSavingsAccount" time="9.686" classname="com.qa.banking.tests.NewSavingsAccountPageTest"/>
  <testcase name="verifyIsNewAccountsPageHeaderDisplayesTest" time="0.22" classname="com.qa.banking.tests.NewSavingsAccountPageTest"/>
  <testcase name="verifyBackToSignInLinkTest" time="12.354" classname="com.qa.banking.tests.SignUpPageTest"/>
  <testcase name="verifyaddUserInfoSignUpTest" time="11.815" classname="com.qa.banking.tests.SignUpPageTest"/>
  <testcase name="verifyaddUserInfoSignUpTest" time="12.12" classname="com.qa.banking.tests.SignUpPageTest"/>
  <testcase name="verifyaddUserInfoSignUpTest" time="14.282" classname="com.qa.banking.tests.SignUpPageTest"/>
</testsuite> <!-- Command line test -->
