<?xml version="1.0" encoding="UTF-8"?>
<!-- Generated by org.testng.reporters.JUnitXMLReporter -->
<testsuite hostname="Ramnath-PC" ignored="0" name="Banking Demo Test Cases" tests="16" failures="0" timestamp="04 Aug 2020 19:40:37 GMT" time="416.934" errors="0">
  <testcase name="verifyAddNewSavingsAccount" time="8.748" classname="com.qa.banking.tests.NewSavingsAccountPageTest"/>
  <testcase name="verifyAddNewSavingsAccount" time="11.566" classname="com.qa.banking.tests.NewSavingsAccountPageTest"/>
  <testcase name="verifyIsNewAccountsPageHeaderDisplayesTest" time="0.243" classname="com.qa.banking.tests.NewSavingsAccountPageTest"/>
  <testcase name="verifyBankLogoTest" time="0.151" classname="com.qa.banking.tests.LoginPageTest"/>
  <testcase name="verifyLoginPageTitleTest" time="0.046" classname="com.qa.banking.tests.LoginPageTest"/>
  <testcase name="verifySignInTest" time="8.144" classname="com.qa.banking.tests.LoginPageTest"/>
  <testcase name="verifySignUpTest" time="5.951" classname="com.qa.banking.tests.LoginPageTest"/>
  <testcase name="verifyBankLogoIsDisplayedTest" time="0.36" classname="com.qa.banking.tests.HomePageTest"/>
  <testcase name="verifyChartsDisplayed" time="0.967" classname="com.qa.banking.tests.HomePageTest"/>
  <testcase name="verifyNewSavingsAccountsPageTest" time="7.424" classname="com.qa.banking.tests.HomePageTest"/>
  <testcase name="verifyViewSavingsAccountsPageTest" time="6.789" classname="com.qa.banking.tests.HomePageTest"/>
  <testcase name="verifyWelcomeUserHeadingTest" time="0.22" classname="com.qa.banking.tests.HomePageTest"/>
  <testcase name="verifyBackToSignInLinkTest" time="4.633" classname="com.qa.banking.tests.SignUpPageTest"/>
  <testcase name="verifyaddUserInfoSignUpTest" time="7.868" classname="com.qa.banking.tests.SignUpPageTest"/>
  <testcase name="verifyaddUserInfoSignUpTest" time="8.031" classname="com.qa.banking.tests.SignUpPageTest"/>
  <testcase name="verifyaddUserInfoSignUpTest" time="7.166" classname="com.qa.banking.tests.SignUpPageTest"/>
</testsuite> <!-- Banking Demo Test Cases -->
